custom_uploader/app/outputs/logs/manifest-merger-release-report.txt
-- Merging decision tree log ---
application
INJECTED from src/main/AndroidManifest.xml:7:4-48:19
MERGED from [:url_launcher_android] AndroidManifest.xml:9:5-14:19
MERGED from [:url_launcher_android] AndroidManifest.xml:9:5-14:19
MERGED from [androidx.window:window:1.0.0-beta04] AndroidManifest.xml:24:5-31:19
MERGED from [androidx.window:window:1.0.0-beta04] AndroidManifest.xml:24:5-31:19
MERGED from [androidx.core:core:1.6.0] AndroidManifest.xml:24:5-89
MERGED from [androidx.core:core:1.6.0] AndroidManifest.xml:24:5-89
MERGED from [androidx.versionedparcelable:versionedparcelable:1.1.1] AndroidManifest.xml:24:5-25:19
MERGED from [androidx.versionedparcelable:versionedparcelable:1.1.1] AndroidManifest.xml:24:5-25:19
	android:appComponentFactory
		ADDED from [androidx.core:core:1.6.0] AndroidManifest.xml:24:18-86
	android:label
		ADDED from src/main/AndroidManifest.xml:8:9-40
	android:icon
		ADDED from src/main/AndroidManifest.xml:10:9-43
	android:name
		INJECTED from src/main/AndroidManifest.xml
		ADDED from src/main/AndroidManifest.xml:9:9-42
manifest
ADDED from src/main/AndroidManifest.xml:1:1-49:12
INJECTED from src/main/AndroidManifest.xml:1:1-49:12
INJECTED from src/main/AndroidManifest.xml:1:1-49:12
INJECTED from src/main/AndroidManifest.xml:1:1-49:12
MERGED from [:permission_handler_android] AndroidManifest.xml:2:1-9:12
MERGED from [:file_picker] AndroidManifest.xml:2:1-19:12
MERGED from [:flutter_plugin_android_lifecycle] AndroidManifest.xml:2:1-9:12
MERGED from [:url_launcher_android] AndroidManifest.xml:2:1-16:12
MERGED from [:path_provider_android] AndroidManifest.xml:2:1-9:12
MERGED from [:receive_sharing_intent] AndroidManifest.xml:2:1-9:12
MERGED from [androidx.window:window-java:1.0.0-beta04] AndroidManifest.xml:17:1-23:12
MERGED from [androidx.window:window:1.0.0-beta04] AndroidManifest.xml:17:1-33:12
MERGED from [androidx.fragment:fragment:1.1.0] AndroidManifest.xml:17:1-24:12
MERGED from [androidx.viewpager:viewpager:1.0.0] AndroidManifest.xml:17:1-22:12
MERGED from [androidx.loader:loader:1.0.0] AndroidManifest.xml:17:1-22:12
MERGED from [androidx.activity:activity:1.0.0] AndroidManifest.xml:17:1-24:12
MERGED from [androidx.customview:customview:1.0.0] AndroidManifest.xml:17:1-22:12
MERGED from [androidx.core:core:1.6.0] AndroidManifest.xml:17:1-26:12
MERGED from [androidx.lifecycle:lifecycle-runtime:2.2.0] AndroidManifest.xml:17:1-24:12
MERGED from [androidx.savedstate:savedstate:1.0.0] AndroidManifest.xml:17:1-24:12
MERGED from [androidx.lifecycle:lifecycle-livedata:2.0.0] AndroidManifest.xml:17:1-22:12
MERGED from [androidx.lifecycle:lifecycle-livedata-core:2.0.0] AndroidManifest.xml:17:1-22:12
MERGED from [androidx.tracing:tracing:1.0.0] AndroidManifest.xml:17:1-24:12
MERGED from [androidx.arch.core:core-runtime:2.0.0] AndroidManifest.xml:17:1-22:12
MERGED from [androidx.versionedparcelable:versionedparcelable:1.1.1] AndroidManifest.xml:17:1-27:12
MERGED from [androidx.lifecycle:lifecycle-viewmodel:2.1.0] AndroidManifest.xml:17:1-22:12
MERGED from [androidx.annotation:annotation-experimental:1.1.0] AndroidManifest.xml:17:1-24:12
INJECTED from src/main/AndroidManifest.xml:1:1-49:12
INJECTED from src/main/AndroidManifest.xml:1:1-49:12
INJECTED from src/main/AndroidManifest.xml:1:1-49:12
	package
		ADDED from src/main/AndroidManifest.xml:2:5-38
		INJECTED from src/main/AndroidManifest.xml
		INJECTED from src/main/AndroidManifest.xml
	android:versionName
		INJECTED from src/main/AndroidManifest.xml
		ADDED from src/main/AndroidManifest.xml:1:1-49:12
		INJECTED from src/main/AndroidManifest.xml
	android:versionCode
		INJECTED from src/main/AndroidManifest.xml
		ADDED from src/main/AndroidManifest.xml:1:1-49:12
		INJECTED from src/main/AndroidManifest.xml
	xmlns:android
		ADDED from src/main/AndroidManifest.xml:1:11-69
uses-permission#android.permission.INTERNET
ADDED from src/main/AndroidManifest.xml:3:5-66
	android:name
		ADDED from src/main/AndroidManifest.xml:3:22-64
uses-permission#android.permission.WRITE_EXTERNAL_STORAGE
ADDED from src/main/AndroidManifest.xml:4:5-81
	android:name
		ADDED from src/main/AndroidManifest.xml:4:22-78
uses-permission#android.permission.WRITE
ADDED from src/main/AndroidManifest.xml:5:5-64
	android:name
		ADDED from src/main/AndroidManifest.xml:5:22-61
uses-permission#android.permission.READ_EXTERNAL_STORAGE
ADDED from src/main/AndroidManifest.xml:6:5-80
MERGED from [:file_picker] AndroidManifest.xml:9:5-80
MERGED from [:file_picker] AndroidManifest.xml:9:5-80
	android:name
		ADDED from src/main/AndroidManifest.xml:6:22-77
uses-sdk
INJECTED from src/main/AndroidManifest.xml reason: use-sdk injection requested
INJECTED from src/main/AndroidManifest.xml
INJECTED from src/main/AndroidManifest.xml
MERGED from [:permission_handler_android] AndroidManifest.xml:5:5-7:41
MERGED from [:permission_handler_android] AndroidManifest.xml:5:5-7:41
MERGED from [:file_picker] AndroidManifest.xml:5:5-7:41
MERGED from [:file_picker] AndroidManifest.xml:5:5-7:41
MERGED from [:flutter_plugin_android_lifecycle] AndroidManifest.xml:5:5-7:41
MERGED from [:flutter_plugin_android_lifecycle] AndroidManifest.xml:5:5-7:41
MERGED from [:url_launcher_android] AndroidManifest.xml:5:5-7:41
MERGED from [:url_launcher_android] AndroidManifest.xml:5:5-7:41
MERGED from [:path_provider_android] AndroidManifest.xml:5:5-7:41
MERGED from [:path_provider_android] AndroidManifest.xml:5:5-7:41
MERGED from [:receive_sharing_intent] AndroidManifest.xml:5:5-7:41
MERGED from [:receive_sharing_intent] AndroidManifest.xml:5:5-7:41
MERGED from [androidx.window:window-java:1.0.0-beta04] AndroidManifest.xml:19:5-21:41
MERGED from [androidx.window:window-java:1.0.0-beta04] AndroidManifest.xml:19:5-21:41
MERGED from [androidx.window:window:1.0.0-beta04] AndroidManifest.xml:20:5-22:41
MERGED from [androidx.window:window:1.0.0-beta04] AndroidManifest.xml:20:5-22:41
MERGED from [androidx.fragment:fragment:1.1.0] AndroidManifest.xml:20:5-22:41
MERGED from [androidx.fragment:fragment:1.1.0] AndroidManifest.xml:20:5-22:41
MERGED from [androidx.viewpager:viewpager:1.0.0] AndroidManifest.xml:20:5-44
MERGED from [androidx.viewpager:viewpager:1.0.0] AndroidManifest.xml:20:5-44
MERGED from [androidx.loader:loader:1.0.0] AndroidManifest.xml:20:5-44
MERGED from [androidx.loader:loader:1.0.0] AndroidManifest.xml:20:5-44
MERGED from [androidx.activity:activity:1.0.0] AndroidManifest.xml:20:5-22:41
MERGED from [androidx.activity:activity:1.0.0] AndroidManifest.xml:20:5-22:41
MERGED from [androidx.customview:customview:1.0.0] AndroidManifest.xml:20:5-44
MERGED from [androidx.customview:customview:1.0.0] AndroidManifest.xml:20:5-44
MERGED from [androidx.core:core:1.6.0] AndroidManifest.xml:20:5-22:41
MERGED from [androidx.core:core:1.6.0] AndroidManifest.xml:20:5-22:41
MERGED from [androidx.lifecycle:lifecycle-runtime:2.2.0] AndroidManifest.xml:20:5-22:41
MERGED from [androidx.lifecycle:lifecycle-runtime:2.2.0] AndroidManifest.xml:20:5-22:41
MERGED from [androidx.savedstate:savedstate:1.0.0] AndroidManifest.xml:20:5-22:41
MERGED from [androidx.savedstate:savedstate:1.0.0] AndroidManifest.xml:20:5-22:41
MERGED from [androidx.lifecycle:lifecycle-livedata:2.0.0] AndroidManifest.xml:20:5-44
MERGED from [androidx.lifecycle:lifecycle-livedata:2.0.0] AndroidManifest.xml:20:5-44
MERGED from [androidx.lifecycle:lifecycle-livedata-core:2.0.0] AndroidManifest.xml:20:5-44
MERGED from [androidx.lifecycle:lifecycle-livedata-core:2.0.0] AndroidManifest.xml:20:5-44
MERGED from [androidx.tracing:tracing:1.0.0] AndroidManifest.xml:20:5-22:41
MERGED from [androidx.tracing:tracing:1.0.0] AndroidManifest.xml:20:5-22:41
MERGED from [androidx.arch.core:core-runtime:2.0.0] AndroidManifest.xml:20:5-44
MERGED from [androidx.arch.core:core-runtime:2.0.0] AndroidManifest.xml:20:5-44
MERGED from [androidx.versionedparcelable:versionedparcelable:1.1.1] AndroidManifest.xml:20:5-22:41
MERGED from [androidx.versionedparcelable:versionedparcelable:1.1.1] AndroidManifest.xml:20:5-22:41
MERGED from [androidx.lifecycle:lifecycle-viewmodel:2.1.0] AndroidManifest.xml:20:5-44
MERGED from [androidx.lifecycle:lifecycle-viewmodel:2.1.0] AndroidManifest.xml:20:5-44
MERGED from [androidx.annotation:annotation-experimental:1.1.0] AndroidManifest.xml:20:5-22:41
MERGED from [androidx.annotation:annotation-experimental:1.1.0] AndroidManifest.xml:20:5-22:41
INJECTED from src/main/AndroidManifest.xml
INJECTED from src/main/AndroidManifest.xml
	android:targetSdkVersion
		INJECTED from src/main/AndroidManifest.xml
		ADDED from src/main/AndroidManifest.xml
		INJECTED from src/main/AndroidManifest.xml
	android:minSdkVersion
		INJECTED from src/main/AndroidManifest.xml
		ADDED from src/main/AndroidManifest.xml
		INJECTED from src/main/AndroidManifest.xml
activity#com.nyx.custom_uploader.MainActivity
ADDED from src/main/AndroidManifest.xml:11:9-42:20
	android:launchMode
		ADDED from src/main/AndroidManifest.xml:14:13-43
	android:hardwareAccelerated
		ADDED from src/main/AndroidManifest.xml:17:13-47
	android:windowSoftInputMode
		ADDED from src/main/AndroidManifest.xml:18:13-55
	android:exported
		ADDED from src/main/AndroidManifest.xml:13:13-36
	android:configChanges
		ADDED from src/main/AndroidManifest.xml:16:13-163
	android:theme
		ADDED from src/main/AndroidManifest.xml:15:13-47
	android:name
		ADDED from src/main/AndroidManifest.xml:12:13-41
meta-data#io.flutter.embedding.android.NormalTheme
ADDED from src/main/AndroidManifest.xml:23:13-26:17
	android:resource
		ADDED from src/main/AndroidManifest.xml:25:15-52
	android:name
		ADDED from src/main/AndroidManifest.xml:24:15-70
intent-filter#action:name:android.intent.action.VIEW+category:name:android.intent.category.BROWSABLE+category:name:android.intent.category.DEFAULT
ADDED from src/main/AndroidManifest.xml:27:13-31:29
action#android.intent.action.VIEW
ADDED from src/main/AndroidManifest.xml:28:17-69
	android:name
		ADDED from src/main/AndroidManifest.xml:28:25-66
category#android.intent.category.DEFAULT
ADDED from src/main/AndroidManifest.xml:29:17-76
	android:name
		ADDED from src/main/AndroidManifest.xml:29:27-73
category#android.intent.category.BROWSABLE
ADDED from src/main/AndroidManifest.xml:30:17-78
	android:name
		ADDED from src/main/AndroidManifest.xml:30:27-75
intent-filter#action:name:android.intent.action.MAIN+category:name:android.intent.category.LAUNCHER
ADDED from src/main/AndroidManifest.xml:33:13-36:29
action#android.intent.action.MAIN
ADDED from src/main/AndroidManifest.xml:34:17-68
	android:name
		ADDED from src/main/AndroidManifest.xml:34:25-66
category#android.intent.category.LAUNCHER
ADDED from src/main/AndroidManifest.xml:35:17-76
	android:name
		ADDED from src/main/AndroidManifest.xml:35:27-74
intent-filter#action:name:android.intent.action.SEND+category:name:android.intent.category.DEFAULT+data:mimeType:*/*
ADDED from src/main/AndroidManifest.xml:37:13-41:29
action#android.intent.action.SEND
ADDED from src/main/AndroidManifest.xml:38:17-69
	android:name
		ADDED from src/main/AndroidManifest.xml:38:25-66
data
ADDED from src/main/AndroidManifest.xml:40:17-48
	android:mimeType
		ADDED from src/main/AndroidManifest.xml:40:23-45
meta-data#flutterEmbedding
ADDED from src/main/AndroidManifest.xml:45:9-47:33
	android:value
		ADDED from src/main/AndroidManifest.xml:47:13-30
	android:name
		ADDED from src/main/AndroidManifest.xml:46:13-44
queries
ADDED from [:file_picker] AndroidManifest.xml:11:5-17:15
intent#action:name:android.intent.action.GET_CONTENT+data:mimeType:*/*
ADDED from [:file_picker] AndroidManifest.xml:12:9-16:18
action#android.intent.action.GET_CONTENT
ADDED from [:file_picker] AndroidManifest.xml:13:13-72
	android:name
		ADDED from [:file_picker] AndroidManifest.xml:13:21-69
activity#io.flutter.plugins.urllauncher.WebViewActivity
ADDED from [:url_launcher_android] AndroidManifest.xml:10:9-13:74
	android:exported
		ADDED from [:url_launcher_android] AndroidManifest.xml:12:13-37
	android:theme
		ADDED from [:url_launcher_android] AndroidManifest.xml:13:13-71
	android:name
		ADDED from [:url_launcher_android] AndroidManifest.xml:11:13-74
uses-library#androidx.window.extensions
ADDED from [androidx.window:window:1.0.0-beta04] AndroidManifest.xml:25:9-27:40
	android:required
		ADDED from [androidx.window:window:1.0.0-beta04] AndroidManifest.xml:27:13-37
	android:name
		ADDED from [androidx.window:window:1.0.0-beta04] AndroidManifest.xml:26:13-54
uses-library#androidx.window.sidecar
ADDED from [androidx.window:window:1.0.0-beta04] AndroidManifest.xml:28:9-30:40
	android:required
		ADDED from [androidx.window:window:1.0.0-beta04] AndroidManifest.xml:30:13-37
	android:name
		ADDED from [androidx.window:window:1.0.0-beta04] AndroidManifest.xml:29:13-51